0 info it worked if it ends with ok
1 verbose cli [ '/usr/local/bin/node', '/usr/local/bin/npm', 'start' ]
2 info using npm@3.7.5
3 info using node@v5.5.0
4 verbose run-script [ 'prestart', 'start', 'poststart' ]
5 info lifecycle stopwatch-api@~prestart: stopwatch-api@
6 silly lifecycle stopwatch-api@~prestart: no script for prestart, continuing
7 info lifecycle stopwatch-api@~start: stopwatch-api@
8 verbose lifecycle stopwatch-api@~start: unsafe-perm in lifecycle true
9 verbose lifecycle stopwatch-api@~start: PATH: /usr/local/lib/node_modules/npm/bin/node-gyp-bin:/Users/alexiszrihen/Desktop/stopwatch - API/node_modules/.bin:/usr/local/bin:/Users/alexiszrihen/.rbenv/shims:/usr/bin:/bin:/usr/sbin:/sbin:/usr/local/bin
10 verbose lifecycle stopwatch-api@~start: CWD: /Users/alexiszrihen/Desktop/stopwatch - API
11 silly lifecycle stopwatch-api@~start: Args: [ '-c', 'node server.js' ]
12 silly lifecycle stopwatch-api@~start: Returned: code: 1  signal: null
13 info lifecycle stopwatch-api@~start: Failed to exec start script
14 verbose stack Error: stopwatch-api@ start: `node server.js`
14 verbose stack Exit status 1
14 verbose stack     at EventEmitter.<anonymous> (/usr/local/lib/node_modules/npm/lib/utils/lifecycle.js:239:16)
14 verbose stack     at emitTwo (events.js:100:13)
14 verbose stack     at EventEmitter.emit (events.js:185:7)
14 verbose stack     at ChildProcess.<anonymous> (/usr/local/lib/node_modules/npm/lib/utils/spawn.js:24:14)
14 verbose stack     at emitTwo (events.js:100:13)
14 verbose stack     at ChildProcess.emit (events.js:185:7)
14 verbose stack     at maybeClose (internal/child_process.js:821:16)
14 verbose stack     at Process.ChildProcess._handle.onexit (internal/child_process.js:211:5)
15 verbose pkgid stopwatch-api@
16 verbose cwd /Users/alexiszrihen/Desktop/stopwatch - API
17 error Darwin 15.3.0
18 error argv "/usr/local/bin/node" "/usr/local/bin/npm" "start"
19 error node v5.5.0
20 error npm  v3.7.5
21 error code ELIFECYCLE
22 error stopwatch-api@ start: `node server.js`
22 error Exit status 1
23 error Failed at the stopwatch-api@ start script 'node server.js'.
23 error Make sure you have the latest version of node.js and npm installed.
23 error If you do, this is most likely a problem with the stopwatch-api package,
23 error not with npm itself.
23 error Tell the author that this fails on your system:
23 error     node server.js
23 error You can get information on how to open an issue for this project with:
23 error     npm bugs stopwatch-api
23 error Or if that isn't available, you can get their info via:
23 error     npm owner ls stopwatch-api
23 error There is likely additional logging output above.
24 verbose exit [ 1, true ]
